c:\users\creap\data\programming\c++\projects\pw-manager\pw-manager\x64\debug\vc142.pdb
c:\users\creap\data\programming\c++\projects\pw-manager\pw-manager\x64\debug\vc142.idb
c:\users\creap\data\programming\c++\projects\pw-manager\pw-manager\x64\debug\ui_start.obj
c:\users\creap\data\programming\c++\projects\pw-manager\pw-manager\x64\debug\ui_signup.obj
c:\users\creap\data\programming\c++\projects\pw-manager\pw-manager\x64\debug\ui_settings.obj
c:\users\creap\data\programming\c++\projects\pw-manager\pw-manager\x64\debug\ui_menu.obj
c:\users\creap\data\programming\c++\projects\pw-manager\pw-manager\x64\debug\ui_login.obj
c:\users\creap\data\programming\c++\projects\pw-manager\pw-manager\x64\debug\ui_editnote.obj
c:\users\creap\data\programming\c++\projects\pw-manager\pw-manager\x64\debug\ui_credits.obj
c:\users\creap\data\programming\c++\projects\pw-manager\pw-manager\x64\debug\ui_addnote.obj
c:\users\creap\data\programming\c++\projects\pw-manager\pw-manager\x64\debug\signup.obj
c:\users\creap\data\programming\c++\projects\pw-manager\pw-manager\x64\debug\menu.obj
c:\users\creap\data\programming\c++\projects\pw-manager\pw-manager\x64\debug\login.obj
c:\users\creap\data\programming\c++\projects\pw-manager\pw-manager\x64\debug\edit.obj
c:\users\creap\data\programming\c++\projects\pw-manager\pw-manager\x64\debug\databasemanager.obj
c:\users\creap\data\programming\c++\projects\pw-manager\pw-manager\x64\debug\main.obj
c:\users\creap\data\programming\c++\projects\pw-manager\pw-manager\x64\debug\pw-manager.tlog\cl.command.1.tlog
c:\users\creap\data\programming\c++\projects\pw-manager\pw-manager\x64\debug\pw-manager.tlog\cl.read.1.tlog
c:\users\creap\data\programming\c++\projects\pw-manager\pw-manager\x64\debug\pw-manager.tlog\cl.write.1.tlog
c:\users\creap\data\programming\c++\projects\pw-manager\pw-manager\x64\debug\pw-manager.tlog\link-cvtres.read.1.tlog
c:\users\creap\data\programming\c++\projects\pw-manager\pw-manager\x64\debug\pw-manager.tlog\link-cvtres.write.1.tlog
c:\users\creap\data\programming\c++\projects\pw-manager\pw-manager\x64\debug\pw-manager.tlog\link-rc.read.1.tlog
c:\users\creap\data\programming\c++\projects\pw-manager\pw-manager\x64\debug\pw-manager.tlog\link-rc.write.1.tlog
c:\users\creap\data\programming\c++\projects\pw-manager\pw-manager\x64\debug\pw-manager.tlog\link.command.1.tlog
c:\users\creap\data\programming\c++\projects\pw-manager\pw-manager\x64\debug\pw-manager.tlog\link.read.1.tlog
c:\users\creap\data\programming\c++\projects\pw-manager\pw-manager\x64\debug\pw-manager.tlog\link.write.1.tlog
